Build started 08.09.2016 11:58:51.
     1>Project "C:\Users\Ilja\Documents\Visual Studio 2013\Projects\Exam_03.09.16\Exam_03.09.16\Exam_03.09.16.vcxproj" on node 2 (Build target(s)).
     1>ClCompile:
         C:\Program Files (x86)\Microsoft Visual Studio 12.0\VC\bin\CL.exe /c /ZI /nologo /W3 /WX- /Od /Oy- /D WIN32 /D _DEBUG /D _CONSOLE /D _LIB /D _UNICODE /D UNICODE /Gm /EHsc /RTC1 /MDd /GS /fp:precise /Zc:wchar_t /Zc:forScope /Yc"stdafx.h" /Fp"Debug\Exam_03.09.16.pch" /Fo"Debug\\" /Fd"Debug\vc120.pdb" /Gd /TP /analyze- /errorReport:prompt stdafx.cpp
         stdafx.cpp
         C:\Program Files (x86)\Microsoft Visual Studio 12.0\VC\bin\CL.exe /c /ZI /nologo /W3 /WX- /Od /Oy- /D WIN32 /D _DEBUG /D _CONSOLE /D _LIB /D _UNICODE /D UNICODE /Gm /EHsc /RTC1 /MDd /GS /fp:precise /Zc:wchar_t /Zc:forScope /Yu"stdafx.h" /Fp"Debug\Exam_03.09.16.pch" /Fo"Debug\\" /Fd"Debug\vc120.pdb" /Gd /TP /analyze- /errorReport:prompt Category.cpp ChemistShop.cpp main.cpp MainApp.cpp Medicament.cpp Text_Exception.cpp
         Text_Exception.cpp
         Medicament.cpp
         MainApp.cpp
         main.cpp
         ChemistShop.cpp
         Category.cpp
         Generating Code...
       ResourceCompile:
         C:\Program Files (x86)\Windows Kits\8.1\bin\x86\rc.exe /D _UNICODE /D UNICODE /l"0x0409" /nologo /fo"Debug\Exam_03.09.16.res" Exam_03.09.16.rc 
       Link:
         C:\Program Files (x86)\Microsoft Visual Studio 12.0\VC\bin\link.exe /ERRORREPORT:PROMPT /OUT:"C:\Users\Ilja\Documents\Visual Studio 2013\Projects\Exam_03.09.16\Debug\Exam_03.09.16.exe" /INCREMENTAL /NOLOGO kernel32.lib user32.lib gdi32.lib winspool.lib comdlg32.lib advapi32.lib shell32.lib ole32.lib oleaut32.lib uuid.lib odbc32.lib odbccp32.lib /MANIFEST /MANIFESTUAC:"level='asInvoker' uiAccess='false'" /manifest:embed /DEBUG /PDB:"C:\Users\Ilja\Documents\Visual Studio 2013\Projects\Exam_03.09.16\Debug\Exam_03.09.16.pdb" /SUBSYSTEM:CONSOLE /TLBID:1 /DYNAMICBASE /NXCOMPAT /IMPLIB:"C:\Users\Ilja\Documents\Visual Studio 2013\Projects\Exam_03.09.16\Debug\Exam_03.09.16.lib" /MACHINE:X86 Debug\Exam_03.09.16.res
         Debug\Category.obj
         Debug\ChemistShop.obj
         Debug\main.obj
         Debug\MainApp.obj
         Debug\Medicament.obj
         Debug\stdafx.obj
         Debug\Text_Exception.obj
         Exam_03.09.16.vcxproj -> C:\Users\Ilja\Documents\Visual Studio 2013\Projects\Exam_03.09.16\Debug\Exam_03.09.16.exe
     1>Done Building Project "C:\Users\Ilja\Documents\Visual Studio 2013\Projects\Exam_03.09.16\Exam_03.09.16\Exam_03.09.16.vcxproj" (Build target(s)).

Build succeeded.

Time Elapsed 00:00:06.61
